This is pdfTeX, Version 3.14159265-2.6-1.40.19 (MiKTeX 2.9.6930 64-bit) (preloaded format=pdflatex 2019.3.19)  1 APR 2019 01:00
entering extended mode
**./Angéloz_Quentin_rapport.tex
(Angéloz_Quentin_rapport.tex
LaTeX2e <2018-12-01>
("C:\Program Files\MiKTeX 2.9\tex/latex/base\book.cls"
Document Class: book 2018/09/03 v1.4i Standard LaTeX document class
("C:\Program Files\MiKTeX 2.9\tex/latex/base\bk12.clo"
File: bk12.clo 2018/09/03 v1.4i Standard LaTeX file (size option)
)
\c@part=\count80
\c@chapter=\count81
\c@section=\count82
\c@subsection=\count83
\c@subsubsection=\count84
\c@paragraph=\count85
\c@subparagraph=\count86
\c@figure=\count87
\c@table=\count88
\abovecaptionskip=\skip41
\belowcaptionskip=\skip42
\bibindent=\dimen102
)
("C:\Program Files\MiKTeX 2.9\tex/latex/amsfonts\amssymb.sty"
Package: amssymb 2013/01/14 v3.01 AMS font symbols

("C:\Program Files\MiKTeX 2.9\tex/latex/amsfonts\amsfonts.sty"
Package: amsfonts 2013/01/14 v3.01 Basic AMSFonts support
\@emptytoks=\toks14
\symAMSa=\mathgroup4
\symAMSb=\mathgroup5
LaTeX Font Info:    Overwriting math alphabet `\mathfrak' in version `bold'
(Font)                  U/euf/m/n --> U/euf/b/n on input line 106.
))
("C:\Program Files\MiKTeX 2.9\tex/latex/amscls\amsthm.sty"
Package: amsthm 2017/10/31 v2.20.4
\thm@style=\toks15
\thm@bodyfont=\toks16
\thm@headfont=\toks17
\thm@notefont=\toks18
\thm@headpunct=\toks19
\thm@preskip=\skip43
\thm@postskip=\skip44
\thm@headsep=\skip45
\dth@everypar=\toks20
)
("C:\Program Files\MiKTeX 2.9\tex/latex/graphics\graphicx.sty"
Package: graphicx 2017/06/01 v1.1a Enhanced LaTeX Graphics (DPC,SPQR)

("C:\Program Files\MiKTeX 2.9\tex/latex/graphics\keyval.sty"
Package: keyval 2014/10/28 v1.15 key=value parser (DPC)
\KV@toks@=\toks21
)
("C:\Program Files\MiKTeX 2.9\tex/latex/graphics\graphics.sty"
Package: graphics 2017/06/25 v1.2c Standard LaTeX Graphics (DPC,SPQR)

("C:\Program Files\MiKTeX 2.9\tex/latex/graphics\trig.sty"
Package: trig 2016/01/03 v1.10 sin cos tan (DPC)
)
("C:\Program Files\MiKTeX 2.9\tex/latex/graphics-cfg\graphics.cfg"
File: graphics.cfg 2016/06/04 v1.11 sample graphics configuration
)
Package graphics Info: Driver file: pdftex.def on input line 99.

("C:\Program Files\MiKTeX 2.9\tex/latex/graphics-def\pdftex.def"
File: pdftex.def 2018/01/08 v1.0l Graphics/color driver for pdftex
))
\Gin@req@height=\dimen103
\Gin@req@width=\dimen104
)
("C:\Program Files\MiKTeX 2.9\tex/latex/amsmath\amsmath.sty"
Package: amsmath 2018/12/01 v2.17b AMS math features
\@mathmargin=\skip46

For additional information on amsmath, use the `?' option.
("C:\Program Files\MiKTeX 2.9\tex/latex/amsmath\amstext.sty"
Package: amstext 2000/06/29 v2.01 AMS text

("C:\Program Files\MiKTeX 2.9\tex/latex/amsmath\amsgen.sty"
File: amsgen.sty 1999/11/30 v2.0 generic functions
\@emptytoks=\toks22
\ex@=\dimen105
))
("C:\Program Files\MiKTeX 2.9\tex/latex/amsmath\amsbsy.sty"
Package: amsbsy 1999/11/29 v1.2d Bold Symbols
\pmbraise@=\dimen106
)
("C:\Program Files\MiKTeX 2.9\tex/latex/amsmath\amsopn.sty"
Package: amsopn 2016/03/08 v2.02 operator names
)
\inf@bad=\count89
LaTeX Info: Redefining \frac on input line 223.
\uproot@=\count90
\leftroot@=\count91
LaTeX Info: Redefining \overline on input line 385.
\classnum@=\count92
\DOTSCASE@=\count93
LaTeX Info: Redefining \ldots on input line 482.
LaTeX Info: Redefining \dots on input line 485.
LaTeX Info: Redefining \cdots on input line 606.
\Mathstrutbox@=\box27
\strutbox@=\box28
\big@size=\dimen107
LaTeX Font Info:    Redeclaring font encoding OML on input line 729.
LaTeX Font Info:    Redeclaring font encoding OMS on input line 730.
\macc@depth=\count94
\c@MaxMatrixCols=\count95
\dotsspace@=\muskip10
\c@parentequation=\count96
\dspbrk@lvl=\count97
\tag@help=\toks23
\row@=\count98
\column@=\count99
\maxfields@=\count100
\andhelp@=\toks24
\eqnshift@=\dimen108
\alignsep@=\dimen109
\tagshift@=\dimen110
\tagwidth@=\dimen111
\totwidth@=\dimen112
\lineht@=\dimen113
\@envbody=\toks25
\multlinegap=\skip47
\multlinetaggap=\skip48
\mathdisplay@stack=\toks26
LaTeX Info: Redefining \[ on input line 2844.
LaTeX Info: Redefining \] on input line 2845.
)
("C:\Program Files\MiKTeX 2.9\tex/latex/tools\enumerate.sty"
Package: enumerate 2015/07/23 v3.00 enumerate extensions (DPC)
\@enLab=\toks27
)
("C:\Program Files\MiKTeX 2.9\tex/latex/tools\multicol.sty"
Package: multicol 2018/11/09 v1.8u multicolumn formatting (FMi)
\c@tracingmulticols=\count101
\mult@box=\box29
\multicol@leftmargin=\dimen114
\c@unbalance=\count102
\c@collectmore=\count103
\doublecol@number=\count104
\multicoltolerance=\count105
\multicolpretolerance=\count106
\full@width=\dimen115
\page@free=\dimen116
\premulticols=\dimen117
\postmulticols=\dimen118
\multicolsep=\skip49
\multicolbaselineskip=\skip50
\partial@page=\box30
\last@line=\box31
\maxbalancingoverflow=\dimen119
\mult@rightbox=\box32
\mult@grightbox=\box33
\mult@gfirstbox=\box34
\mult@firstbox=\box35
\@tempa=\box36
\@tempa=\box37
\@tempa=\box38
\@tempa=\box39
\@tempa=\box40
\@tempa=\box41
\@tempa=\box42
\@tempa=\box43
\@tempa=\box44
\@tempa=\box45
\@tempa=\box46
\@tempa=\box47
\@tempa=\box48
\@tempa=\box49
\@tempa=\box50
\@tempa=\box51
\@tempa=\box52
\c@columnbadness=\count107
\c@finalcolumnbadness=\count108
\last@try=\dimen120
\multicolovershoot=\dimen121
\multicolundershoot=\dimen122
\mult@nat@firstbox=\box53
\colbreak@box=\box54
\mc@col@check@num=\count109
)
("C:\Program Files\MiKTeX 2.9\tex/generic/babel\babel.sty"
Package: babel 2018/11/13 3.27 The Babel package

("C:\Program Files\MiKTeX 2.9\tex/generic/babel\switch.def"
File: switch.def 2018/11/13 3.27 Babel switching mechanism
)
*************************************
* Local config file bblopts.cfg used
*
(C:\Users\Sonic\AppData\Roaming\MiKTeX\2.9\tex/latex/arabi\bblopts.cfg
File: bblopts.cfg 2005/09/08 v0.1 add Arabic and Farsi to "declared" options of
 babel
)
("C:\Program Files\MiKTeX 2.9\tex/generic/babel-french\french.ldf"
Language: french 2018/09/14 v3.5c French support from the babel system

("C:\Program Files\MiKTeX 2.9\tex/generic/babel\babel.def"
File: babel.def 2018/11/13 3.27 Babel common definitions
\babel@savecnt=\count110
\U@D=\dimen123

("C:\Program Files\MiKTeX 2.9\tex/generic/babel\txtbabel.def")
\bbl@dirlevel=\count111
)
\l@acadian = a dialect from \language\l@french 
\FB@nonchar=\count112
Package babel Info: Making : an active character on input line 414.
Package babel Info: Making ; an active character on input line 415.
Package babel Info: Making ! an active character on input line 416.
Package babel Info: Making ? an active character on input line 417.
\FBguill@level=\count113
\FBold@everypar=\toks28
\FB@Mht=\dimen124
\mc@charclass=\count114
\mc@charfam=\count115
\mc@charslot=\count116
\std@mcc=\count117
\dec@mcc=\count118
\c@FBcaption@count=\count119
\listindentFB=\dimen125
\descindentFB=\dimen126
\labelindentFB=\dimen127
\labelwidthFB=\dimen128
\leftmarginFB=\dimen129
\parindentFFN=\dimen130
\FBfnindent=\dimen131
))
("C:\Program Files\MiKTeX 2.9\tex/latex/carlisle\scalefnt.sty")
("C:\Program Files\MiKTeX 2.9\tex/latex/base\inputenc.sty"
Package: inputenc 2018/08/11 v1.3c Input encoding file
\inpenc@prehook=\toks29
\inpenc@posthook=\toks30

("C:\Program Files\MiKTeX 2.9\tex/latex/base\latin1.def"
File: latin1.def 2018/08/11 v1.3c Input encoding file
))
("C:\Program Files\MiKTeX 2.9\tex/latex/pstricks\pstricks.sty"
Package: pstricks 2018/12/21 v0.69 LaTeX wrapper for `PSTricks' (RN,HV)

(C:\Users\Sonic\AppData\Roaming\MiKTeX\2.9\tex/latex/iftex\iftex.sty
Package: iftex 2013/04/04 v0.2 Provides if(tex) conditional for PDFTeX, XeTeX, 
and LuaTeX
)
("C:\Program Files\MiKTeX 2.9\tex/latex/tools\shellesc.sty"
Package: shellesc 2016/06/07 v0.02a unified shell escape interface for LaTeX
Package shellesc Info: Restricted shell escape enabled on input line 69.
)
(C:\Users\Sonic\AppData\Roaming\MiKTeX\2.9\tex/latex/xcolor\xcolor.sty
Package: xcolor 2016/05/11 v2.12 LaTeX color extensions (UK)

("C:\Program Files\MiKTeX 2.9\tex/latex/graphics-cfg\color.cfg"
File: color.cfg 2016/01/02 v1.6 sample color configuration
)
Package xcolor Info: Driver file: pdftex.def on input line 225.
Package xcolor Info: Model `cmy' substituted by `cmy0' on input line 1348.
Package xcolor Info: Model `hsb' substituted by `rgb' on input line 1352.
Package xcolor Info: Model `RGB' extended on input line 1364.
Package xcolor Info: Model `HTML' substituted by `rgb' on input line 1366.
Package xcolor Info: Model `Hsb' substituted by `hsb' on input line 1367.
Package xcolor Info: Model `tHsb' substituted by `hsb' on input line 1368.
Package xcolor Info: Model `HSB' substituted by `hsb' on input line 1369.
Package xcolor Info: Model `Gray' substituted by `gray' on input line 1370.
Package xcolor Info: Model `wave' substituted by `hsb' on input line 1371.
)
("C:\Program Files\MiKTeX 2.9\tex/generic/xkeyval\pst-xkey.tex"
File: pst-xkey.tex 2005/11/25 v1.6 PSTricks specialization of xkeyval (HA)

("C:\Program Files\MiKTeX 2.9\tex/latex/xkeyval\xkeyval.sty"
Package: xkeyval 2014/12/03 v2.7a package option processing (HA)

("C:\Program Files\MiKTeX 2.9\tex/generic/xkeyval\xkeyval.tex"
("C:\Program Files\MiKTeX 2.9\tex/generic/xkeyval\xkvutils.tex"
\XKV@toks=\toks31
\XKV@tempa@toks=\toks32
)
\XKV@depth=\count120
File: xkeyval.tex 2014/12/03 v2.7a key=value parser (HA)
)))
("C:\Program Files\MiKTeX 2.9\tex/generic/pstricks\pstricks.tex"
("C:\Program Files\MiKTeX 2.9\tex/generic/pstricks\pst-fp.tex"
`pst-fp' v0.05, 2010/01/17 (hv)
\pstFP@xs=\count121
\pstFP@xia=\count122
\pstFP@xib=\count123
\pstFP@xfa=\count124
\pstFP@xfb=\count125
\pstFP@rega=\count126
\pstFP@regb=\count127
\pstFP@regs=\count128
\pstFP@times=\count129
)
(C:\Users\Sonic\AppData\Roaming\MiKTeX\2.9\tex/generic/pgf/utilities\pgfutil-co
mmon.tex
\pgfutil@everybye=\toks33
\pgfutil@tempdima=\dimen132
\pgfutil@tempdimb=\dimen133

(C:\Users\Sonic\AppData\Roaming\MiKTeX\2.9\tex/generic/pgf/utilities\pgfutil-co
mmon-lists.tex))
(C:\Users\Sonic\AppData\Roaming\MiKTeX\2.9\tex/generic/pgf/utilities\pgfkeys.co
de.tex
\pgfkeys@pathtoks=\toks34
\pgfkeys@temptoks=\toks35

(C:\Users\Sonic\AppData\Roaming\MiKTeX\2.9\tex/generic/pgf/utilities\pgfkeysfil
tered.code.tex
\pgfkeys@tmptoks=\toks36
))
(C:\Users\Sonic\AppData\Roaming\MiKTeX\2.9\tex/generic/pgf/utilities\pgffor.cod
e.tex
Runaway argument?
] {pgffor.code.tex} 
! Paragraph ended before \ProvidesPackageRCS@i was complete.
<to be read again> 
                   \par 
l.11 
     
I suspect you've forgotten a `}', causing me to apply this
control sequence to too much text. How can we recover?
My plan is to forget the whole thing and hope for the best.


(C:\Users\Sonic\AppData\Roaming\MiKTeX\2.9\tex/generic/pgf/math\pgfmath.code.te
x
(C:\Users\Sonic\AppData\Roaming\MiKTeX\2.9\tex/generic/pgf/math\pgfmathcalc.cod
e.tex
(C:\Users\Sonic\AppData\Roaming\MiKTeX\2.9\tex/generic/pgf/math\pgfmathutil.cod
e.tex
\pgf@x=\dimen134
\pgf@xa=\dimen135
\pgf@xb=\dimen136
\pgf@xc=\dimen137
\pgf@y=\dimen138
\pgf@ya=\dimen139
\pgf@yb=\dimen140
\pgf@yc=\dimen141
\c@pgf@counta=\count130
\c@pgf@countb=\count131
\c@pgf@countc=\count132
\c@pgf@countd=\count133
\pgfutil@tempcnta=\count134
\pgfutil@tempcntb=\count135
)
(C:\Users\Sonic\AppData\Roaming\MiKTeX\2.9\tex/generic/pgf/math\pgfmathparser.c
ode.tex
\pgfmath@dimen=\dimen142
\pgfmath@count=\count136
\pgfmath@box=\box55
\pgfmath@toks=\toks37
\pgfmath@stack@operand=\toks38
\pgfmath@stack@operation=\toks39
)
(C:\Users\Sonic\AppData\Roaming\MiKTeX\2.9\tex/generic/pgf/math\pgfmathfunction
s.code.tex
(C:\Users\Sonic\AppData\Roaming\MiKTeX\2.9\tex/generic/pgf/math\pgfmathfunction
s.basic.code.tex)
(C:\Users\Sonic\AppData\Roaming\MiKTeX\2.9\tex/generic/pgf/math\pgfmathfunction
s.trigonometric.code.tex)
(C:\Users\Sonic\AppData\Roaming\MiKTeX\2.9\tex/generic/pgf/math\pgfmathfunction
s.random.code.tex)
(C:\Users\Sonic\AppData\Roaming\MiKTeX\2.9\tex/generic/pgf/math\pgfmathfunction
s.comparison.code.tex)
(C:\Users\Sonic\AppData\Roaming\MiKTeX\2.9\tex/generic/pgf/math\pgfmathfunction
s.base.code.tex)
(C:\Users\Sonic\AppData\Roaming\MiKTeX\2.9\tex/generic/pgf/math\pgfmathfunction
s.round.code.tex)
(C:\Users\Sonic\AppData\Roaming\MiKTeX\2.9\tex/generic/pgf/math\pgfmathfunction
s.misc.code.tex)
(C:\Users\Sonic\AppData\Roaming\MiKTeX\2.9\tex/generic/pgf/math\pgfmathfunction
s.integerarithmetics.code.tex)))
(C:\Users\Sonic\AppData\Roaming\MiKTeX\2.9\tex/generic/pgf/math\pgfmathfloat.co
de.tex
\c@pgfmathroundto@lastzeros=\count137
))
\pgffor@iter=\dimen143
\pgffor@skip=\dimen144
\pgffor@stack=\toks40
\pgffor@toks=\toks41
)
\psLoopIndex=\count138

`PSTricks' v2.92  <2018/12/27> (tvz,hv)
\pst@dima=\dimen145
\pst@dimb=\dimen146
\pst@dimc=\dimen147
\pst@dimd=\dimen148
\pst@dimg=\dimen149
\pst@dimh=\dimen150
\pst@dimm=\dimen151
\pst@dimn=\dimen152
\pst@dimo=\dimen153
\pst@dimp=\dimen154
\pst@hbox=\box56
\pst@ibox=\box57
\pst@boxg=\box58
\pst@cnta=\count139
\pst@cntb=\count140
\pst@cntc=\count141
\pst@cntd=\count142
\pst@cntg=\count143
\pst@cnth=\count144
\pst@cntm=\count145
\pst@cntn=\count146
\pst@cnto=\count147
\pst@cntp=\count148
\@zero=\count149
\pst@toks=\toks42
("C:\Program Files\MiKTeX 2.9\tex/generic/pstricks\pstricks.con")
\psunit=\dimen155
\psxunit=\dimen156
\psyunit=\dimen157
\pst@C@@rType=\count150
\pslinewidth=\dimen158
\psk@startLW=\dimen159
\psk@endLW=\dimen160
\pst@customdefs=\toks43
\pslinearc=\dimen161
\pst@symbolStep=\dimen162
\pst@symbolWidth=\dimen163
\pst@symbolLinewidth=\dimen164
\everypsbox=\toks44
\psframesep=\dimen165
\pslabelsep=\dimen166
\sh@wgridXunit=\dimen167
\sh@wgridYunit=\dimen168
\pst@shift=\dimen169
)
File: pstricks.tex 2018/12/27 v2.92 `PSTricks' (tvz,hv)

("C:\Program Files\MiKTeX 2.9\tex/generic/pstricks\pst-fp.tex")
File: pst-fp.tex 2018/12/27 v2.92 `PST-fp' (hv)
)
(C:\Users\Sonic\AppData\Roaming\MiKTeX\2.9\tex/latex/pstricks-add\pstricks-add.
sty (C:\Users\Sonic\AppData\Roaming\MiKTeX\2.9\tex/latex/pst-plot\pst-plot.sty
Package: pst-plot 2011/06/05 v1.00 LaTeX wrapper for `pst-plot' (HV)

("C:\Program Files\MiKTeX 2.9\tex/latex/xkeyval\pst-xkey.sty"
Package: pst-xkey 2005/11/25 v1.6 package wrapper for pst-xkey.tex (HA)
)
(C:\Users\Sonic\AppData\Roaming\MiKTeX\2.9\tex/latex/multido\multido.sty
Package: multido 2004/05/17 package wrapper for PSTricks `multido.tex', (HV/RN)


(C:\Users\Sonic\AppData\Roaming\MiKTeX\2.9\tex/generic/multido\multido.tex
 v1.42, 2010/05/14 <tvz>
\multido@count=\count151
\multidocount=\count152
\multido@stuff=\toks45
)
File: multido.tex 2010/05/14 v1.42 `multido' (tvz,hv)
)
Package: pst-plot 2011/04/13 package wrapper for pst-plot.tex (hv)

(C:\Users\Sonic\AppData\Roaming\MiKTeX\2.9\tex/generic/pst-plot\pst-plot.tex
(C:\Users\Sonic\AppData\Roaming\MiKTeX\2.9\tex/generic/pst-tools\pst-tools.tex
`PST-tools' v0.09b, 2017/12/03 (hv))
(C:\Users\Sonic\AppData\Roaming\MiKTeX\2.9\tex/generic/pstricks-add\pstricks-ad
d.tex
(C:\Users\Sonic\AppData\Roaming\MiKTeX\2.9\tex/generic/pst-node\pst-node.tex
 v1.42, 2019/03/03
\psrow=\count153
\pscol=\count154
\psmatrixcnt=\count155
\psrowsep=\skip51
\pscolsep=\skip52
\pst@args=\count156
\num@pts=\count157
\pst@argcnt=\count158
)
(C:\Users\Sonic\AppData\Roaming\MiKTeX\2.9\tex/generic/pst-arrow\pst-arrow.tex
`pst-arrow' v0.01, 2016/09/01 (dr,hv)
\pshooklength=\dimen170
\pshookwidth=\dimen171
)
(C:\Users\Sonic\AppData\Roaming\MiKTeX\2.9\tex/generic/pst-3d\pst-3d.tex
`PST-3d' v1.11, 2010/02/14 (tvz))
(C:\Users\Sonic\AppData\Roaming\MiKTeX\2.9\tex/generic/pst-math\pst-math.tex
`pst-math' v0.64 , (CJ,hv)) `pstricks-add' v3.87, 2019/01/12 (dr,hv)
\psparallelogramsep=\dimen172
\pst@cntC=\count159
\pst@stepcount=\count160
\chart@ColorIndex=\dimen173
\chart@ColorStep=\dimen174
\pst@chartHeight=\dimen175
\pst@chartStackDepth=\dimen176
\pst@chartStackWidth=\dimen177
\chart@Toggle=\count161
\psVectorCtr=\count162
)
 v1.91, 2018/08/31 (tvz,hv)
\pstRadUnit=\dimen178
\pstRadUnitInv=\dimen179
\pst@linecnt=\count163
\RCD@file=\read1
\psxlabelsep=\dimen180
\psylabelsep=\dimen181
\psk@subticksize=\dimen182
\pst@xticksizeA=\dimen183
\pst@xticksizeB=\dimen184
\pst@xticksizeC=\dimen185
\pst@yticksizeA=\dimen186
\pst@yticksizeB=\dimen187
\pst@yticksizeC=\dimen188
\@digitcounter=\count164
\psk@llx=\dimen189
\psk@lly=\dimen190
\psk@urx=\dimen191
\psk@ury=\dimen192
\pst@xunit=\dimen193
\pst@yunit=\dimen194
)
File: pst-plot.tex 2018/08/31 1.91 `pst-plot' (tvz,hv)
)
(C:\Users\Sonic\AppData\Roaming\MiKTeX\2.9\tex/latex/pst-node\pst-node.sty
Package: pst-node 2012/09/18 v1.01 LaTeX wrapper for `pst-node' (HV)
Package: pst-node 2010/04/22 package wrapper for pst-node.tex

(C:\Users\Sonic\AppData\Roaming\MiKTeX\2.9\tex/generic/pst-node\pst-node.tex)
File: pst-node.tex 2018/08/31 1.91 `pst-node' (tvz,hv)
)
(C:\Users\Sonic\AppData\Roaming\MiKTeX\2.9\tex/latex/pst-3d\pst-3d.sty
Package: pst-3d 2009/07/28 package wrapper for pst-3d.tex (hv)

(C:\Users\Sonic\AppData\Roaming\MiKTeX\2.9\tex/generic/pst-3d\pst-3d.tex)
File: pst-3d.tex 2018/08/31 v1.91 `PST-3d' (hv)
)
(C:\Users\Sonic\AppData\Roaming\MiKTeX\2.9\tex/latex/pst-math\pst-math.sty
Package: pst-math 2018/12/16 v 0.65 package wrapper for PSTricks pst-math.tex

(C:\Users\Sonic\AppData\Roaming\MiKTeX\2.9\tex/latex/pst-calculate\pst-calculat
e.sty
Package: pst-calculate 2019/01/24 v. 0.02(Herbert Voss) Support for caculations
 with floating point numbers.

(C:\Users\Sonic\AppData\Roaming\MiKTeX\2.9\tex/latex/l3packages/xparse\xparse.s
ty (C:\Users\Sonic\AppData\Roaming\MiKTeX\2.9\tex/latex/l3kernel\expl3.sty
Package: expl3 2019-03-05 L3 programming layer (loader) 

(C:\Users\Sonic\AppData\Roaming\MiKTeX\2.9\tex/latex/l3kernel\expl3-code.tex
Package: expl3 2019-03-05 L3 programming layer (code)
\c_max_int=\count165
\l_tmpa_int=\count166
\l_tmpb_int=\count167
\g_tmpa_int=\count168
\g_tmpb_int=\count169
\g__kernel_prg_map_int=\count170
\c_log_iow=\count171
\l_iow_line_count_int=\count172
\l__iow_line_target_int=\count173
\l__iow_one_indent_int=\count174
\l__iow_indent_int=\count175
\c_zero_dim=\dimen195
\c_max_dim=\dimen196
\l_tmpa_dim=\dimen197
\l_tmpb_dim=\dimen198
\g_tmpa_dim=\dimen199
\g_tmpb_dim=\dimen256
\c_zero_skip=\skip53
\c_max_skip=\skip54
\l_tmpa_skip=\skip55
\l_tmpb_skip=\skip56
\g_tmpa_skip=\skip57
\g_tmpb_skip=\skip58
\c_zero_muskip=\muskip11
\c_max_muskip=\muskip12
\l_tmpa_muskip=\muskip13
\l_tmpb_muskip=\muskip14
\g_tmpa_muskip=\muskip15
\g_tmpb_muskip=\muskip16
\l_keys_choice_int=\count176
\l__intarray_loop_int=\count177
\c__intarray_sp_dim=\dimen257
\g__intarray_font_int=\count178
\c__fp_leading_shift_int=\count179
\c__fp_middle_shift_int=\count180
\c__fp_trailing_shift_int=\count181
\c__fp_big_leading_shift_int=\count182
\c__fp_big_middle_shift_int=\count183
\c__fp_big_trailing_shift_int=\count184
\c__fp_Bigg_leading_shift_int=\count185
\c__fp_Bigg_middle_shift_int=\count186
\c__fp_Bigg_trailing_shift_int=\count187
\c__kernel_randint_max_int=\count188
\g__fp_array_int=\count189
\l__fp_array_loop_int=\count190
\l__sort_length_int=\count191
\l__sort_min_int=\count192
\l__sort_top_int=\count193
\l__sort_max_int=\count194
\l__sort_true_max_int=\count195
\l__sort_block_int=\count196
\l__sort_begin_int=\count197
\l__sort_end_int=\count198
\l__sort_A_int=\count199
\l__sort_B_int=\count266
\l__sort_C_int=\count267
\l__tl_analysis_normal_int=\count268
\l__tl_analysis_index_int=\count269
\l__tl_analysis_nesting_int=\count270
\l__tl_analysis_type_int=\count271
\l__regex_internal_a_int=\count272
\l__regex_internal_b_int=\count273
\l__regex_internal_c_int=\count274
\l__regex_balance_int=\count275
\l__regex_group_level_int=\count276
\l__regex_mode_int=\count277
\c__regex_cs_in_class_mode_int=\count278
\c__regex_cs_mode_int=\count279
\l__regex_catcodes_int=\count280
\l__regex_default_catcodes_int=\count281
\c__regex_catcode_D_int=\count282
\c__regex_catcode_S_int=\count283
\c__regex_catcode_L_int=\count284
\c__regex_catcode_O_int=\count285
\c__regex_catcode_A_int=\count286
\c__regex_all_catcodes_int=\count287
\l__regex_show_lines_int=\count288
\l__regex_min_state_int=\count289
\l__regex_max_state_int=\count290
\l__regex_left_state_int=\count291
\l__regex_right_state_int=\count292
\l__regex_capturing_group_int=\count293
\l__regex_min_pos_int=\count294
\l__regex_max_pos_int=\count295
\l__regex_curr_pos_int=\count296
\l__regex_start_pos_int=\count297
\l__regex_success_pos_int=\count298
\l__regex_curr_char_int=\count299
\l__regex_curr_catcode_int=\count300
\l__regex_last_char_int=\count301
\l__regex_case_changed_char_int=\count302
\l__regex_curr_state_int=\count303
\l__regex_step_int=\count304
\l__regex_min_active_int=\count305
\l__regex_max_active_int=\count306
\l__regex_replacement_csnames_int=\count307
\l__regex_match_count_int=\count308
\l__regex_min_submatch_int=\count309
\l__regex_submatch_int=\count310
\l__regex_zeroth_submatch_int=\count311
\g__regex_trace_regex_int=\count312
\c_empty_box=\box59
\l_tmpa_box=\box60
\l_tmpb_box=\box61
\g_tmpa_box=\box62
\g_tmpb_box=\box63
\l__box_top_dim=\dimen258
\l__box_bottom_dim=\dimen259
\l__box_left_dim=\dimen260
\l__box_right_dim=\dimen261
\l__box_top_new_dim=\dimen262
\l__box_bottom_new_dim=\dimen263
\l__box_left_new_dim=\dimen264
\l__box_right_new_dim=\dimen265
\l__box_internal_box=\box64
\l__coffin_internal_box=\box65
\l__coffin_internal_dim=\dimen266
\l__coffin_offset_x_dim=\dimen267
\l__coffin_offset_y_dim=\dimen268
\l__coffin_x_dim=\dimen269
\l__coffin_y_dim=\dimen270
\l__coffin_x_prime_dim=\dimen271
\l__coffin_y_prime_dim=\dimen272
\c_empty_coffin=\box66
\l__coffin_aligned_coffin=\box67
\l__coffin_aligned_internal_coffin=\box68
\l_tmpa_coffin=\box69
\l_tmpb_coffin=\box70
\g_tmpa_coffin=\box71
\g_tmpb_coffin=\box72
\l__coffin_bounding_shift_dim=\dimen273
\l__coffin_left_corner_dim=\dimen274
\l__coffin_right_corner_dim=\dimen275
\l__coffin_bottom_corner_dim=\dimen276
\l__coffin_top_corner_dim=\dimen277
\l__coffin_scaled_total_height_dim=\dimen278
\l__coffin_scaled_width_dim=\dimen279
\c__coffin_empty_coffin=\box73
\l__coffin_display_coffin=\box74
\l__coffin_display_coord_coffin=\box75
\l__coffin_display_pole_coffin=\box76
\l__coffin_display_offset_dim=\dimen280
\l__coffin_display_x_dim=\dimen281
\l__coffin_display_y_dim=\dimen282
\g__file_internal_ior=\read2
\l__seq_internal_a_int=\count313
\l__seq_internal_b_int=\count314
\c__deprecation_minus_one=\count315
)
(C:\Users\Sonic\AppData\Roaming\MiKTeX\2.9\tex/latex/l3kernel\l3pdfmode.def
File: l3pdfmode.def 2019-03-05 v L3 Experimental driver: PDF mode
\l__driver_color_stack_int=\count316
))
Package: xparse 2019-03-05 L3 Experimental document command parser
\l__xparse_current_arg_int=\count317
\g__xparse_grabber_int=\count318
\l__xparse_m_args_int=\count319
\l__xparse_v_nesting_int=\count320
)
(C:\Users\Sonic\AppData\Roaming\MiKTeX\2.9\tex/latex/siunitx\siunitx.sty
Package: siunitx 2018/05/17 v2.7s A comprehensive (SI) units package

("C:\Program Files\MiKTeX 2.9\tex/latex/tools\array.sty"
Package: array 2018/11/13 v2.4j Tabular extension package (FMi)
\col@sep=\dimen283
\ar@mcellbox=\box77
\extrarowheight=\dimen284
\NC@list=\toks46
\extratabsurround=\skip59
\backup@length=\skip60
\ar@cellbox=\box78
)
(C:\Users\Sonic\AppData\Roaming\MiKTeX\2.9\tex/latex/l3packages/l3keys2e\l3keys
2e.sty
Package: l3keys2e 2019-03-05 LaTeX2e option processing using LaTeX3 keys
)
\l__siunitx_tmp_box=\box79
\l__siunitx_tmp_dim=\dimen285
\l__siunitx_tmp_int=\count321
\l__siunitx_number_mantissa_length_int=\count322
\l__siunitx_number_uncert_length_int=\count323
\l__siunitx_round_int=\count324
\l__siunitx_process_decimal_int=\count325
\l__siunitx_process_uncertainty_int=\count326
\l__siunitx_process_fixed_int=\count327
\l__siunitx_process_integer_min_int=\count328
\l__siunitx_process_precision_int=\count329
\l__siunitx_group_min_int=\count330
\l__siunitx_angle_marker_box=\box80
\l__siunitx_angle_unit_box=\box81
\l__siunitx_angle_marker_dim=\dimen286
\l__siunitx_angle_unit_dim=\dimen287
\l__siunitx_unit_int=\count331
\l__siunitx_unit_denominator_int=\count332
\l__siunitx_unit_numerator_int=\count333
\l__siunitx_unit_prefix_int=\count334
\l__siunitx_unit_prefix_base_int=\count335
\l__siunitx_unit_prefix_gram_int=\count336
\l__siunitx_number_product_int=\count337
\c__siunitx_one_fill_skip=\skip61
\l__siunitx_table_unit_align_skip=\skip62
\l__siunitx_table_exponent_dim=\dimen288
\l__siunitx_table_integer_dim=\dimen289
\l__siunitx_table_mantissa_dim=\dimen290
\l__siunitx_table_marker_dim=\dimen291
\l__siunitx_table_result_dim=\dimen292
\l__siunitx_table_uncert_dim=\dimen293
\l__siunitx_table_fill_pre_dim=\dimen294
\l__siunitx_table_fill_post_dim=\dimen295
\l__siunitx_table_fill_mid_dim=\dimen296
\l__siunitx_table_pre_box=\box82
\l__siunitx_table_post_box=\box83
\l__siunitx_table_mantissa_box=\box84
\l__siunitx_table_result_box=\box85
\l__siunitx_table_number_align_skip=\skip63
\l__siunitx_table_text_align_skip=\skip64

(C:\Users\Sonic\AppData\Roaming\MiKTeX\2.9\tex/latex/translator\translator.sty
Package: translator 2018/01/04 v1.12 Easy translation of strings in LaTeX
))) ("C:\Program Files\MiKTeX 2.9\tex/generic/oberdiek\ifluatex.sty"
Package: ifluatex 2016/05/16 v1.4 Provides the ifluatex switch (HO)
Package ifluatex Info: LuaTeX not detected.
)
(C:\Users\Sonic\AppData\Roaming\MiKTeX\2.9\tex/latex/xstring\xstring.sty
(C:\Users\Sonic\AppData\Roaming\MiKTeX\2.9\tex/generic/xstring\xstring.tex
\integerpart=\count338
\decimalpart=\count339
)
Package: xstring 2019/02/06 v1.83 String manipulations (CT)
)
(C:\Users\Sonic\AppData\Roaming\MiKTeX\2.9\tex/generic/pst-math\pst-math.tex)
File: pst-math.tex 2018/08/31 v1.91 `PST-math' (hv)
\c@Rand@No=\count340
\c@Random@Left=\count341
\c@Random@Right=\count342
\c@Random@No@max=\count343
)
Package: pstricks-add 2018/02/04 v. 0.16 package wrapper for pstricks-add.tex (
hv)

(C:\Users\Sonic\AppData\Roaming\MiKTeX\2.9\tex/generic/pstricks-add\pstricks-ad
d.tex)
File: pstricks-add.tex 2018/08/31 v1.91 `PSTricks-add' (hv)
) ("C:\Program Files\MiKTeX 2.9\tex/latex/float\float.sty"
Package: float 2001/11/08 v1.3d Float enhancements (AL)
\c@float@type=\count344
\float@exts=\toks47
\float@box=\box86
\@float@everytoks=\toks48
\@floatcapt=\box87
)
(C:\Users\Sonic\AppData\Roaming\MiKTeX\2.9\tex/latex/caption\caption.sty
Package: caption 2018/10/06 v3.3-154 Customizing captions (AR)

(C:\Users\Sonic\AppData\Roaming\MiKTeX\2.9\tex/latex/caption\caption3.sty
Package: caption3 2018/09/12 v1.8c caption3 kernel (AR)
Package caption3 Info: TeX engine: e-TeX on input line 64.
\captionmargin=\dimen297
\captionmargin@=\dimen298
\captionwidth=\dimen299
\caption@tempdima=\dimen300
\caption@indent=\dimen301
\caption@parindent=\dimen302
\caption@hangindent=\dimen303
)
\c@caption@flags=\count345
\c@ContinuedFloat=\count346
Package caption Info: float package is loaded.
)
(C:\Users\Sonic\AppData\Roaming\MiKTeX\2.9\tex/latex/natbib\natbib.sty
Package: natbib 2010/09/13 8.31b (PWD, AO)
\bibhang=\skip65
\bibsep=\skip66
LaTeX Info: Redefining \cite on input line 694.
\c@NAT@ctr=\count347
)
(C:\Users\Sonic\AppData\Roaming\MiKTeX\2.9\tex/latex/listings\listings.sty
\lst@mode=\count348
\lst@gtempboxa=\box88
\lst@token=\toks49
\lst@length=\count349
\lst@currlwidth=\dimen304
\lst@column=\count350
\lst@pos=\count351
\lst@lostspace=\dimen305
\lst@width=\dimen306
\lst@newlines=\count352
\lst@lineno=\count353
\lst@maxwidth=\dimen307

(C:\Users\Sonic\AppData\Roaming\MiKTeX\2.9\tex/latex/listings\lstmisc.sty
File: lstmisc.sty 2019/02/27 1.8b (Carsten Heinz)
\c@lstnumber=\count354
\lst@skipnumbers=\count355
\lst@framebox=\box89
)
(C:\Users\Sonic\AppData\Roaming\MiKTeX\2.9\tex/latex/listings\listings.cfg
File: listings.cfg 2019/02/27 1.8b listings configuration
))
Package: listings 2019/02/27 1.8b (Carsten Heinz)

("C:\Program Files\MiKTeX 2.9\tex/latex/tools\tabularx.sty"
Package: tabularx 2016/02/03 v2.11b `tabularx' package (DPC)
\TX@col@width=\dimen308
\TX@old@table=\dimen309
\TX@old@col=\dimen310
\TX@target=\dimen311
\TX@delta=\dimen312
\TX@cols=\count356
\TX@ftn=\toks50
)
Package caption Info: We need package `newfloat' on input line 19.

(C:\Users\Sonic\AppData\Roaming\MiKTeX\2.9\tex/latex/caption\newfloat.sty
Package: newfloat 2018/03/04 v1.1a Defining new floating environments (AR)
)
(C:\Users\Sonic\AppData\Roaming\MiKTeX\2.9\tex/latex/titlesec\titletoc.sty
Package: titletoc 2011/12/15 v1.6 TOC entries
\ttl@leftsep=\dimen313
)
("C:\Program Files\MiKTeX 2.9\tex/latex/hyperref\hyperref.sty"
Package: hyperref 2018/11/30 v6.88e Hypertext links for LaTeX

("C:\Program Files\MiKTeX 2.9\tex/generic/oberdiek\hobsub-hyperref.sty"
Package: hobsub-hyperref 2016/05/16 v1.14 Bundle oberdiek, subset hyperref (HO)


("C:\Program Files\MiKTeX 2.9\tex/generic/oberdiek\hobsub-generic.sty"
Package: hobsub-generic 2016/05/16 v1.14 Bundle oberdiek, subset generic (HO)
Package: hobsub 2016/05/16 v1.14 Construct package bundles (HO)
Package: infwarerr 2016/05/16 v1.4 Providing info/warning/error messages (HO)
Package: ltxcmds 2016/05/16 v1.23 LaTeX kernel commands for general use (HO)
Package hobsub Info: Skipping package `ifluatex' (already loaded).
Package: ifvtex 2016/05/16 v1.6 Detect VTeX and its facilities (HO)
Package ifvtex Info: VTeX not detected.
Package: intcalc 2016/05/16 v1.2 Expandable calculations with integers (HO)
Package: ifpdf 2018/09/07 v3.3 Provides the ifpdf switch
Package: etexcmds 2016/05/16 v1.6 Avoid name clashes with e-TeX commands (HO)
Package: kvsetkeys 2016/05/16 v1.17 Key value parser (HO)
Package: kvdefinekeys 2016/05/16 v1.4 Define keys (HO)
Package: pdftexcmds 2018/09/10 v0.29 Utility functions of pdfTeX for LuaTeX (HO
)
Package pdftexcmds Info: LuaTeX not detected.
Package pdftexcmds Info: \pdf@primitive is available.
Package pdftexcmds Info: \pdf@ifprimitive is available.
Package pdftexcmds Info: \pdfdraftmode found.
Package: pdfescape 2016/05/16 v1.14 Implements pdfTeX's escape features (HO)
Package: bigintcalc 2016/05/16 v1.4 Expandable calculations on big integers (HO
)
Package: bitset 2016/05/16 v1.2 Handle bit-vector datatype (HO)
Package: uniquecounter 2016/05/16 v1.3 Provide unlimited unique counter (HO)
)
Package hobsub Info: Skipping package `hobsub' (already loaded).
Package: letltxmacro 2016/05/16 v1.5 Let assignment for LaTeX macros (HO)
Package: hopatch 2016/05/16 v1.3 Wrapper for package hooks (HO)
Package: xcolor-patch 2016/05/16 xcolor patch
Package: atveryend 2016/05/16 v1.9 Hooks at the very end of document (HO)
Package atveryend Info: \enddocument detected (standard20110627).
Package: atbegshi 2016/06/09 v1.18 At begin shipout hook (HO)
Package: refcount 2016/05/16 v3.5 Data extraction from label references (HO)
Package: hycolor 2016/05/16 v1.8 Color options for hyperref/bookmark (HO)
)
("C:\Program Files\MiKTeX 2.9\tex/generic/ifxetex\ifxetex.sty"
Package: ifxetex 2010/09/12 v0.6 Provides ifxetex conditional
)
("C:\Program Files\MiKTeX 2.9\tex/latex/oberdiek\auxhook.sty"
Package: auxhook 2016/05/16 v1.4 Hooks for auxiliary files (HO)
)
("C:\Program Files\MiKTeX 2.9\tex/latex/oberdiek\kvoptions.sty"
Package: kvoptions 2016/05/16 v3.12 Key value format for package options (HO)
)
\@linkdim=\dimen314
\Hy@linkcounter=\count357
\Hy@pagecounter=\count358

("C:\Program Files\MiKTeX 2.9\tex/latex/hyperref\pd1enc.def"
File: pd1enc.def 2018/11/30 v6.88e Hyperref: PDFDocEncoding definition (HO)
Now handling font encoding PD1 ...
... no UTF-8 mapping file for font encoding PD1
)
\Hy@SavedSpaceFactor=\count359

("C:\Program Files\MiKTeX 2.9\tex/latex/00miktex\hyperref.cfg"
File: hyperref.cfg 2002/06/06 v1.2 hyperref configuration of TeXLive
)
Package hyperref Info: Hyper figures OFF on input line 4519.
Package hyperref Info: Link nesting OFF on input line 4524.
Package hyperref Info: Hyper index ON on input line 4527.
Package hyperref Info: Plain pages OFF on input line 4534.
Package hyperref Info: Backreferencing OFF on input line 4539.
Package hyperref Info: Implicit mode ON; LaTeX internals redefined.
Package hyperref Info: Bookmarks ON on input line 4772.
\c@Hy@tempcnt=\count360

(C:\Users\Sonic\AppData\Roaming\MiKTeX\2.9\tex/latex/url\url.sty
\Urlmuskip=\muskip17
Package: url 2013/09/16  ver 3.4  Verb mode for urls, etc.
)
LaTeX Info: Redefining \url on input line 5125.
\XeTeXLinkMargin=\dimen315
\Fld@menulength=\count361
\Field@Width=\dimen316
\Fld@charsize=\dimen317
Package hyperref Info: Hyper figures OFF on input line 6380.
Package hyperref Info: Link nesting OFF on input line 6385.
Package hyperref Info: Hyper index ON on input line 6388.
Package hyperref Info: backreferencing OFF on input line 6395.
Package hyperref Info: Link coloring OFF on input line 6400.
Package hyperref Info: Link coloring with OCG OFF on input line 6405.
Package hyperref Info: PDF/A mode OFF on input line 6410.
LaTeX Info: Redefining \ref on input line 6450.
LaTeX Info: Redefining \pageref on input line 6454.
\Hy@abspage=\count362
\c@Item=\count363
\c@Hfootnote=\count364
)
Package hyperref Info: Driver (autodetected): hpdftex.

("C:\Program Files\MiKTeX 2.9\tex/latex/hyperref\hpdftex.def"
File: hpdftex.def 2018/11/30 v6.88e Hyperref driver for pdfTeX
\Fld@listcount=\count365
\c@bookmark@seq@number=\count366

("C:\Program Files\MiKTeX 2.9\tex/latex/oberdiek\rerunfilecheck.sty"
Package: rerunfilecheck 2016/05/16 v1.8 Rerun checks for auxiliary files (HO)
Package uniquecounter Info: New unique counter `rerunfilecheck' on input line 2
82.
)
\Hy@SectionHShift=\skip67
)
("C:\Program Files\MiKTeX 2.9\tex/latex/geometry\geometry.sty"
Package: geometry 2018/04/16 v5.8 Page Geometry
\Gm@cnth=\count367
\Gm@cntv=\count368
\c@Gm@tempcnt=\count369
\Gm@bindingoffset=\dimen318
\Gm@wd@mp=\dimen319
\Gm@odd@mp=\dimen320
\Gm@even@mp=\dimen321
\Gm@layoutwidth=\dimen322
\Gm@layoutheight=\dimen323
\Gm@layouthoffset=\dimen324
\Gm@layoutvoffset=\dimen325
\Gm@dimlist=\toks51

("C:\Program Files\MiKTeX 2.9\tex/latex/geometry\geometry.cfg"))
(C:\Users\Sonic\AppData\Roaming\MiKTeX\2.9\tex/latex/fancyhdr\fancyhdr.sty
Package: fancyhdr 2019/01/31 v3.10 Extensive control of page headers and footer
s
\f@nch@headwidth=\skip68
\f@nch@O@elh=\skip69
\f@nch@O@erh=\skip70
\f@nch@O@olh=\skip71
\f@nch@O@orh=\skip72
\f@nch@O@elf=\skip73
\f@nch@O@erf=\skip74
\f@nch@O@olf=\skip75
\f@nch@O@orf=\skip76
)
\c@p=\count370
\c@compteur=\count371
\c@compt=\count372

(Angéloz_Quentin_rapport.aux)
\openout1 = `Angéloz_Quentin_rapport.aux'.

LaTeX Font Info:    Checking defaults for OML/cmm/m/it on input line 67.
LaTeX Font Info:    ... okay on input line 67.
LaTeX Font Info:    Checking defaults for T1/cmr/m/n on input line 67.
LaTeX Font Info:    ... okay on input line 67.
LaTeX Font Info:    Checking defaults for OT1/cmr/m/n on input line 67.
LaTeX Font Info:    ... okay on input line 67.
LaTeX Font Info:    Checking defaults for OMS/cmsy/m/n on input line 67.
LaTeX Font Info:    ... okay on input line 67.
LaTeX Font Info:    Checking defaults for OMX/cmex/m/n on input line 67.
LaTeX Font Info:    ... okay on input line 67.
LaTeX Font Info:    Checking defaults for U/cmr/m/n on input line 67.
LaTeX Font Info:    ... okay on input line 67.
LaTeX Font Info:    Checking defaults for PD1/pdf/m/n on input line 67.
LaTeX Font Info:    ... okay on input line 67.

(C:\Users\Sonic\AppData\Roaming\MiKTeX\2.9\tex/context/base/mkii\supp-pdf.mkii
[Loading MPS to PDF converter (version 2006.09.02).]
\scratchcounter=\count373
\scratchdimen=\dimen326
\scratchbox=\box90
\nofMPsegments=\count374
\nofMParguments=\count375
\everyMPshowfont=\toks52
\MPscratchCnt=\count376
\MPscratchDim=\dimen327
\MPnumerator=\count377
\makeMPintoPDFobject=\count378
\everyMPtoPDFconversion=\toks53
) ("C:\Program Files\MiKTeX 2.9\tex/latex/oberdiek\epstopdf-base.sty"
Package: epstopdf-base 2016/05/15 v2.6 Base part for package epstopdf

("C:\Program Files\MiKTeX 2.9\tex/latex/oberdiek\grfext.sty"
Package: grfext 2016/05/16 v1.2 Manage graphics extensions (HO)
)
Package epstopdf-base Info: Redefining graphics rule for `.eps' on input line 4
38.
Package grfext Info: Graphics extension search list:
(grfext)             [.pdf,.png,.jpg,.mps,.jpeg,.jbig2,.jb2,.PDF,.PNG,.JPG,.JPE
G,.JBIG2,.JB2,.eps]
(grfext)             \AppendGraphicsExtensions on input line 456.
)
LaTeX Info: Redefining \degres on input line 67.
LaTeX Info: Redefining \dots on input line 67.


Package french.ldf Warning: Please load the "natbib" package
(french.ldf)                BEFORE babel/french; reported on input line 67.

Package french.ldf Info: Setting StandardEnumerateEnv=true for
(french.ldf)             compatibility with enumerate package,
(french.ldf)             reported on input line 67.
LaTeX Info: Redefining \up on input line 67.

Package french.ldf Warning: OT1 encoding should not be used for French.
(french.ldf)                Add \usepackage[T1]{fontenc} to the preamble
(french.ldf)                of your document; reported on input line 67.

Now handling font encoding TS1 ...
... processing UTF-8 mapping file for font encoding TS1
("C:\Program Files\MiKTeX 2.9\tex/latex/base\ts1enc.dfu"
File: ts1enc.dfu 2018/10/05 v1.2f UTF-8 support for inputenc
   defining Unicode char U+00A2 (decimal 162)
   defining Unicode char U+00A3 (decimal 163)
   defining Unicode char U+00A4 (decimal 164)
   defining Unicode char U+00A5 (decimal 165)
   defining Unicode char U+00A6 (decimal 166)
   defining Unicode char U+00A7 (decimal 167)
   defining Unicode char U+00A8 (decimal 168)
   defining Unicode char U+00A9 (decimal 169)
   defining Unicode char U+00AA (decimal 170)
   defining Unicode char U+00AC (decimal 172)
   defining Unicode char U+00AE (decimal 174)
   defining Unicode char U+00AF (decimal 175)
   defining Unicode char U+00B0 (decimal 176)
   defining Unicode char U+00B1 (decimal 177)
   defining Unicode char U+00B2 (decimal 178)
   defining Unicode char U+00B3 (decimal 179)
   defining Unicode char U+00B4 (decimal 180)
   defining Unicode char U+00B5 (decimal 181)
   defining Unicode char U+00B6 (decimal 182)
   defining Unicode char U+00B7 (decimal 183)
   defining Unicode char U+00B9 (decimal 185)
   defining Unicode char U+00BA (decimal 186)
   defining Unicode char U+00BC (decimal 188)
   defining Unicode char U+00BD (decimal 189)
   defining Unicode char U+00BE (decimal 190)
   defining Unicode char U+00D7 (decimal 215)
   defining Unicode char U+00F7 (decimal 247)
   defining Unicode char U+0192 (decimal 402)
   defining Unicode char U+02C7 (decimal 711)
   defining Unicode char U+02D8 (decimal 728)
   defining Unicode char U+02DD (decimal 733)
   defining Unicode char U+0E3F (decimal 3647)
   defining Unicode char U+2016 (decimal 8214)
   defining Unicode char U+2020 (decimal 8224)
   defining Unicode char U+2021 (decimal 8225)
   defining Unicode char U+2022 (decimal 8226)
   defining Unicode char U+2030 (decimal 8240)
   defining Unicode char U+2031 (decimal 8241)
   defining Unicode char U+203B (decimal 8251)
   defining Unicode char U+203D (decimal 8253)
   defining Unicode char U+2044 (decimal 8260)
   defining Unicode char U+204E (decimal 8270)
   defining Unicode char U+2052 (decimal 8274)
   defining Unicode char U+20A1 (decimal 8353)
   defining Unicode char U+20A4 (decimal 8356)
   defining Unicode char U+20A6 (decimal 8358)
   defining Unicode char U+20A9 (decimal 8361)
   defining Unicode char U+20AB (decimal 8363)
   defining Unicode char U+20AC (decimal 8364)
   defining Unicode char U+20B1 (decimal 8369)
   defining Unicode char U+2103 (decimal 8451)
   defining Unicode char U+2116 (decimal 8470)
   defining Unicode char U+2117 (decimal 8471)
   defining Unicode char U+211E (decimal 8478)
   defining Unicode char U+2120 (decimal 8480)
   defining Unicode char U+2122 (decimal 8482)
   defining Unicode char U+2126 (decimal 8486)
   defining Unicode char U+2127 (decimal 8487)
   defining Unicode char U+212E (decimal 8494)
   defining Unicode char U+2190 (decimal 8592)
   defining Unicode char U+2191 (decimal 8593)
   defining Unicode char U+2192 (decimal 8594)
   defining Unicode char U+2193 (decimal 8595)
   defining Unicode char U+2329 (decimal 9001)
   defining Unicode char U+232A (decimal 9002)
   defining Unicode char U+2422 (decimal 9250)
   defining Unicode char U+25E6 (decimal 9702)
   defining Unicode char U+25EF (decimal 9711)
   defining Unicode char U+266A (decimal 9834)
   defining Unicode char U+FEFF (decimal 65279)
)
(C:\Users\Sonic\AppData\Roaming\MiKTeX\2.9\tex/latex/translator\translator-basi
c-dictionary-English.dict
Dictionary: translator-basic-dictionary, Language: English 
)
(C:\Users\Sonic\AppData\Roaming\MiKTeX\2.9\tex/latex/siunitx\siunitx-abbreviati
ons.cfg
File: siunitx-abbreviations.cfg 2017/11/26 v2.7k siunitx: Abbreviated units
)
Package caption Info: Begin \AtBeginDocument code.
Package caption Info: hyperref package is loaded.
Package caption Info: listings package is loaded.
Package caption Info: End \AtBeginDocument code.
\c@lstlisting=\count379
\AtBeginShipoutBox=\box91
Package hyperref Info: Link coloring OFF on input line 67.
 ("C:\Program Files\MiKTeX 2.9\tex/latex/hyperref\nameref.sty"
Package: nameref 2016/05/21 v2.44 Cross-referencing by name of section

("C:\Program Files\MiKTeX 2.9\tex/generic/oberdiek\gettitlestring.sty"
Package: gettitlestring 2016/05/16 v1.5 Cleanup title references (HO)
)
\c@section@level=\count380
)
LaTeX Info: Redefining \ref on input line 67.
LaTeX Info: Redefining \pageref on input line 67.
LaTeX Info: Redefining \nameref on input line 67.

(Angéloz_Quentin_rapport.out) (Angéloz_Quentin_rapport.out)
\@outlinefile=\write3
\openout3 = `Angéloz_Quentin_rapport.out'.


*geometry* driver: auto-detecting
*geometry* detected driver: pdftex
*geometry* verbose mode - [ preamble ] result:
* driver: pdftex
* paper: a4paper
* layout: <same size as paper>
* layoutoffset:(h,v)=(0.0pt,0.0pt)
* modes: 
* h-part:(L,W,R)=(85.35826pt, 426.79135pt, 85.35826pt)
* v-part:(T,H,B)=(56.9055pt, 731.23584pt, 56.9055pt)
* \paperwidth=597.50787pt
* \paperheight=845.04684pt
* \textwidth=426.79135pt
* \textheight=731.23584pt
* \oddsidemargin=13.08827pt
* \evensidemargin=13.08827pt
* \topmargin=-47.23828pt
* \headheight=12.0pt
* \headsep=19.8738pt
* \topskip=12.0pt
* \footskip=30.0pt
* \marginparwidth=38.0pt
* \marginparsep=7.0pt
* \columnsep=10.0pt
* \skip\footins=10.8pt plus 4.0pt minus 2.0pt
* \hoffset=0.0pt
* \voffset=0.0pt
* \mag=1000
* \@twocolumnfalse
* \@twosidefalse
* \@mparswitchfalse
* \@reversemarginfalse
* (1in=72.27pt=25.4mm, 1cm=28.453pt)

LaTeX Font Info:    Try loading font information for U+msa on input line 67.
("C:\Program Files\MiKTeX 2.9\tex/latex/amsfonts\umsa.fd"
File: umsa.fd 2013/01/14 v3.01 AMS symbols A
)
LaTeX Font Info:    Try loading font information for U+msb on input line 67.

("C:\Program Files\MiKTeX 2.9\tex/latex/amsfonts\umsb.fd"
File: umsb.fd 2013/01/14 v3.01 AMS symbols B
)
Underfull \hbox (badness 10000) in paragraph at lines 72--73

 []

Package epstopdf Info: Source file: <Dave_Unchained.eps>
(epstopdf)                    date: 2019-03-27 21:48:42
(epstopdf)                    size: 7690116 bytes
(epstopdf)             Output file: <Dave_Unchained-eps-converted-to.pdf>
(epstopdf)                    date: 2019-03-27 21:50:10
(epstopdf)                    size: 61826 bytes
(epstopdf)             Command: <epstopdf --outfile=Dave_Unchained-eps-converte
d-to.pdf Dave_Unchained.eps>
(epstopdf)             \includegraphics on input line 87.
Package epstopdf Info: Output file is already uptodate.


pdfTeX warning: pdflatex (file ./Dave_Unchained-eps-converted-to.pdf): PDF incl
usion: found PDF version <1.7>, but at most version <1.5> allowed
<Dave_Unchained-eps-converted-to.pdf, id=55, 752.8125pt x 423.5825pt>
File: Dave_Unchained-eps-converted-to.pdf Graphic file (type pdf)
<use Dave_Unchained-eps-converted-to.pdf>
Package pdftex.def Info: Dave_Unchained-eps-converted-to.pdf  used on input lin
e 87.
(pdftex.def)             Requested size: 414.04816pt x 232.97108pt.
[1
Non-PDF special ignored!
<special> header=pstricks.pro
Non-PDF special ignored!
<special> header=pst-algparser.pro
Non-PDF special ignored!
<special> header=pst-tools.pro
Non-PDF special ignored!
<special> header=pst-dots.pro
Non-PDF special ignored!
<special> header=pst-node.pro
Non-PDF special ignored!
<special> header=pst-3d.pro
Non-PDF special ignored!
<special> header=pst-math.pro
Non-PDF special ignored!
<special> header=pstricks-add.pro

Non-PDF special ignored!
<special> ps: /pssetRGBcolor /setrgbcolor load def /pssetCMYKcolor /setcmyk...
Non-PDF special ignored!
<special> ps:tx@Dict begin  gsave STV CP T /ps@rot 0 def grestore  end
Non-PDF special ignored!
<special> ps:tx@Dict begin  gsave STV CP T /ps@refangle 0.  def grestore  e...
Non-PDF special ignored!
<special> ps:tx@Dict begin  gsave STV CP T /ps@rot 0 def grestore  end

{C:/Users/Sonic/AppData/Local/MiKTeX/2.9/pdftex/config/pdftex.map} <./Dave_Unch
ained-eps-converted-to.pdf>] (Angéloz_Quentin_rapport.toc)
\tf@toc=\write4
\openout4 = `Angéloz_Quentin_rapport.toc'.

pdfTeX warning (ext4): destination with the same identifier (name{page.1}) has 
been already used, duplicate ignored
<to be read again> 
                   \relax 
l.115 \listoffigures
                     [1

] (Angéloz_Quentin_rapport.lof)
\tf@lof=\write5
\openout5 = `Angéloz_Quentin_rapport.lof'.

 [2

]pdfTeX warning (ext4): destination with the same identifier (name{page.1}) has
 been already used, duplicate ignored
<to be read again> 
                   \relax 
l.145 \mainmatter
                  [1


]
Chapitre 1.

Underfull \hbox (badness 10000) in paragraph at lines 159--160

 []


Underfull \hbox (badness 10000) in paragraph at lines 160--161

 []


Underfull \hbox (badness 10000) in paragraph at lines 161--162

 []


Underfull \hbox (badness 10000) in paragraph at lines 162--163

 []


Underfull \hbox (badness 10000) in paragraph at lines 163--164

 []

pdfTeX warning (ext4): destination with the same identifier (name{page.2}) has 
been already used, duplicate ignored
<to be read again> 
                   \relax 
l.170 
       [2


]
Underfull \hbox (badness 10000) in paragraph at lines 171--176

 []


Underfull \hbox (badness 10000) in paragraph at lines 171--176

 []

Package epstopdf Info: Source file: <Stardew_borne.eps>
(epstopdf)                    date: 2019-03-30 14:48:36
(epstopdf)                    size: 6429161 bytes
(epstopdf)             Output file: <Stardew_borne-eps-converted-to.pdf>
(epstopdf)                    date: 2019-03-30 14:50:52
(epstopdf)                    size: 147987 bytes
(epstopdf)             Command: <epstopdf --outfile=Stardew_borne-eps-converted
-to.pdf Stardew_borne.eps>
(epstopdf)             \includegraphics on input line 181.
Package epstopdf Info: Output file is already uptodate.


pdfTeX warning: pdflatex (file ./Stardew_borne-eps-converted-to.pdf): PDF inclu
sion: found PDF version <1.7>, but at most version <1.5> allowed
<Stardew_borne-eps-converted-to.pdf, id=110, 757.83125pt x 351.3125pt>
File: Stardew_borne-eps-converted-to.pdf Graphic file (type pdf)
<use Stardew_borne-eps-converted-to.pdf>
Package pdftex.def Info: Stardew_borne-eps-converted-to.pdf  used on input line
 181.
(pdftex.def)             Requested size: 416.80847pt x 193.22246pt.

Package Fancyhdr Warning: \headheight is too small (12.0pt): 
Make it at least 14.49998pt.
We now make it that large for the rest of the document.
This may cause the page layout to be inconsistent, however.

[3 <./Stardew_borne-eps-converted-to.pdf>]
Chapitre 2.
[4

] [5]
Chapitre 3.

Overfull \hbox (61.03389pt too wide) in paragraph at lines 219--219
[] \OT1/cmtt/m/n/12 norme = math.sqrt(math.pow(perso.x - self.x,2) + math.pow(p
erso.y - self.y,2))[] 
 []


Underfull \hbox (badness 10000) in paragraph at lines 220--228

 []


Underfull \hbox (badness 10000) in paragraph at lines 220--228

 []


Package french.ldf Warning: Degrees would look better in TS1-encoding:
(french.ldf)                add \usepackage{textcomp} to the preamble.
(french.ldf)                Degrees used on input line 232.

[6

]
Overfull \hbox (17.88536pt too wide) in paragraph at lines 263--268
\OT1/cmr/m/n/12 Cet at-tri-but depend d'une seule va-riable, nommee "le-vel".
 Cette va-riable est incrementee
 []


Underfull \hbox (badness 10000) in paragraph at lines 263--268

 []


Underfull \hbox (badness 10000) in paragraph at lines 263--268

 []

Package epstopdf Info: Source file: <schema.eps>
(epstopdf)                    date: 2019-03-30 13:08:16
(epstopdf)                    size: 2516222 bytes
(epstopdf)             Output file: <schema-eps-converted-to.pdf>
(epstopdf)                    date: 2019-03-30 13:31:48
(epstopdf)                    size: 49624 bytes
(epstopdf)             Command: <epstopdf --outfile=schema-eps-converted-to.pdf
 schema.eps>
(epstopdf)             \includegraphics on input line 273.
Package epstopdf Info: Output file is already uptodate.


pdfTeX warning: pdflatex (file ./schema-eps-converted-to.pdf): PDF inclusion: f
ound PDF version <1.7>, but at most version <1.5> allowed
<schema-eps-converted-to.pdf, id=138, 157.58875pt x 111.41624pt>
File: schema-eps-converted-to.pdf Graphic file (type pdf)
<use schema-eps-converted-to.pdf>
Package pdftex.def Info: schema-eps-converted-to.pdf  used on input line 273.
(pdftex.def)             Requested size: 315.1767pt x 222.83194pt.
[7 <./schema-eps-converted-to.pdf>] [8]
Package epstopdf Info: Source file: <Ennemis.eps>
(epstopdf)                    date: 2019-03-30 11:25:16
(epstopdf)                    size: 11206829 bytes
(epstopdf)             Output file: <Ennemis-eps-converted-to.pdf>
(epstopdf)                    date: 2019-03-30 11:26:06
(epstopdf)                    size: 110186 bytes
(epstopdf)             Command: <epstopdf --outfile=Ennemis-eps-converted-to.pd
f Ennemis.eps>
(epstopdf)             \includegraphics on input line 355.
Package epstopdf Info: Output file is already uptodate.


pdfTeX warning: pdflatex (file ./Ennemis-eps-converted-to.pdf): PDF inclusion: 
found PDF version <1.7>, but at most version <1.5> allowed
<Ennemis-eps-converted-to.pdf, id=150, 396.48125pt x 197.73875pt>
File: Ennemis-eps-converted-to.pdf Graphic file (type pdf)
<use Ennemis-eps-converted-to.pdf>
Package pdftex.def Info: Ennemis-eps-converted-to.pdf  used on input line 355.
(pdftex.def)             Requested size: 356.82982pt x 177.96323pt.
[9 <./Ennemis-eps-converted-to.pdf>]
Chapitre 4.

Overfull \hbox (6.09946pt too wide) in paragraph at lines 366--369
\OT1/cmr/m/n/12 systeme de tir de mon per-son-nage. J'uti-li-sais a la base l
es touches 'w','a','s','d','q','e','<'
 []


Overfull \hbox (42.50888pt too wide) in paragraph at lines 376--376
[]            \OT1/cmtt/m/n/12 angle = math.degrees(math.atan2(mousey- self.y, 
mousex- self.x))[] 
 []

[10

]
Overfull \hbox (67.2089pt too wide) in paragraph at lines 400--400
[] \OT1/cmtt/m/n/12 if (scrollcount >= 30 and perso.x >= scr_width - 64 and fle
chedisplay == True):[] 
 []

[11]
Overfull \hbox (61.03389pt too wide) in paragraph at lines 461--461
[]\OT1/cmtt/m/n/12 # bouclier qui dure moins longtemps pour eviter de se faire
 tuer instantanement[] 
 []


Overfull \hbox (54.85889pt too wide) in paragraph at lines 461--461
[]\OT1/cmtt/m/n/12 # incremente la variable pour qu'au 5e scroll, l'image orig
inale soit affichee[] 
 []


Overfull \hbox (67.2089pt too wide) in paragraph at lines 461--461
[]                \OT1/cmtt/m/n/12 backgroundImage=pygame.image.load('fond_main
_new.png').convert()[] 
 []


Overfull \hbox (23.98387pt too wide) in paragraph at lines 461--461
[]                \OT1/cmtt/m/n/12 backgroundImage = pygame.transform.scale(bac
kgroundImage,[] 
 []

[12] [13]
Chapitre 5.
(Angéloz_Quentin_rapport.bbl [14

]
Chapitre 6.

Underfull \hbox (badness 10000) in paragraph at lines 30--34
[]\OT1/cmr/m/sc/12 site in-ter-net 04 (Dan737)\OT1/cmr/m/n/12 . Consulte le 20

 []


Underfull \hbox (badness 10000) in paragraph at lines 30--34
\OT1/cmr/m/n/12 fevrier 2019.  \OT1/cmr/m/it/12 Gerer les col-li-sions avec p
y-game\OT1/cmr/m/n/12 .
 []


Underfull \hbox (badness 10000) in paragraph at lines 37--41
[]\OT1/cmr/m/sc/12 site in-ter-net 05 (usr2564301 )\OT1/cmr/m/n/12 . Consulte 
le 20
 []


Underfull \hbox (badness 10000) in paragraph at lines 37--41
\OT1/cmr/m/n/12 fevrier 2019.  \OT1/cmr/m/it/12 Col-li-sion not wor-king for p
y-game Sprites\OT1/cmr/m/n/12 .
 []


Overfull \hbox (12.21472pt too wide) in paragraph at lines 37--41
[]$\OT1/cmr/m/n/12 . 
 []


Underfull \hbox (badness 10000) in paragraph at lines 44--48
[]\OT1/cmr/m/sc/12 site in-ter-net 06 (mar-ti-neau)\OT1/cmr/m/n/12 . Consulte 
le 25
 []


Underfull \hbox (badness 10000) in paragraph at lines 44--48
\OT1/cmr/m/n/12 fevrier 2019.  \OT1/cmr/m/it/12 How to use py-game.surface.scr
oll() ?
 []


Underfull \hbox (badness 10000) in paragraph at lines 51--55
[]\OT1/cmr/m/sc/12 site in-ter-net 07 (DJMc-May-hem)\OT1/cmr/m/n/12 . Consulte
 le 7 mars 2019.
 []


Underfull \hbox (badness 10000) in paragraph at lines 51--55
\OT1/cmr/m/it/12 Bul-lets aren't shoo-ting at the EXACT po-si-tion of mouse :(\
OT1/cmr/m/n/12 .
 []


Overfull \hbox (74.2648pt too wide) in paragraph at lines 51--55
[]$\OT1/cmr/m/n/12 . 
 []

Runaway argument?
{{\small https://fr.wikibooks.org/wiki/LaTeX/Math
! Paragraph ended before \underline was complete.
<to be read again> 
                   \par 
l.89 
     
I suspect you've forgotten a `}', causing me to apply this
control sequence to too much text. How can we recover?
My plan is to forget the whole thing and hope for the best.


Underfull \hbox (badness 1728) in paragraph at lines 92--95
[]\OT1/cmr/m/sc/12 site in-ter-net 13 (So-gomn)\OT1/cmr/m/n/12 . Consulte le 1
5 mars 2019.  \OT1/cmr/m/it/12 Ex-plo-sion\OT1/cmr/m/n/12 .
 []

[15

]
Underfull \hbox (badness 1412) in paragraph at lines 126--129
[]\OT1/cmr/m/sc/12 site in-ter-net 18 (Ral-lix)\OT1/cmr/m/n/12 . Consulte en m
ars 2019.  \OT1/cmr/m/it/12 Key-board keys\OT1/cmr/m/n/12 .
 []

) [16]
Underfull \hbox (badness 10000) in paragraph at lines 492--498

 []


Underfull \hbox (badness 10000) in paragraph at lines 499--500

 []

Package atveryend Info: Empty hook `BeforeClearDocument' on input line 505.
[17

]
Package atveryend Info: Empty hook `AfterLastShipout' on input line 505.
 (Angéloz_Quentin_rapport.aux

Package natbib Warning: Citation(s) may have changed.
(natbib)                Rerun to get citations correct.

)
Package atveryend Info: Executing hook `AtVeryEndDocument' on input line 505.
Package atveryend Info: Executing hook `AtEndAfterFileList' on input line 505.
Package rerunfilecheck Info: File `Angéloz_Quentin_rapport.out' has not change
d.
(rerunfilecheck)             Checksum: 1583AF956DA1983AAB9E0DCF2A620915;854.
Package atveryend Info: Empty hook `AtVeryVeryEnd' on input line 505.
 ) 
Here is how much of TeX's memory you used:
 32441 strings out of 492946
 591525 string characters out of 3135527
 718320 words of memory out of 3000000
 35906 multiletter control sequences out of 15000+200000
 541809 words of font info for 59 fonts, out of 3000000 for 9000
 1141 hyphenation exceptions out of 8191
 61i,12n,92p,1001b,937s stack positions out of 5000i,500n,10000p,200000b,50000s
<C:/Program Files/MiKTeX 2.9/fonts/type1/public/amsfonts/cm/cmbx12.pfb><C:/Pr
ogram Files/MiKTeX 2.9/fonts/type1/public/amsfonts/cm/cmcsc10.pfb><C:/Program F
iles/MiKTeX 2.9/fonts/type1/public/amsfonts/cm/cmex10.pfb><C:/Program Files/MiK
TeX 2.9/fonts/type1/public/amsfonts/cm/cmmi12.pfb><C:/Program Files/MiKTeX 2.9/
fonts/type1/public/amsfonts/cm/cmr10.pfb><C:/Program Files/MiKTeX 2.9/fonts/typ
e1/public/amsfonts/cm/cmr12.pfb><C:/Program Files/MiKTeX 2.9/fonts/type1/public
/amsfonts/cm/cmr17.pfb><C:/Program Files/MiKTeX 2.9/fonts/type1/public/amsfonts
/cm/cmr8.pfb><C:/Program Files/MiKTeX 2.9/fonts/type1/public/amsfonts/cm/cmsy10
.pfb><C:/Program Files/MiKTeX 2.9/fonts/type1/public/amsfonts/cm/cmti12.pfb><C:
/Program Files/MiKTeX 2.9/fonts/type1/public/amsfonts/cm/cmtt12.pfb>
Output written on Angéloz_Quentin_rapport.pdf (20 pages, 572875 bytes).
PDF statistics:
 266 PDF objects out of 1000 (max. 8388607)
 66 named destinations out of 1000 (max. 500000)
 125 words of extra memory for PDF output out of 10000 (max. 10000000)

